
======================================================
05-07-2025 07:25:08
======================================================
C:\Program Files (x86)\I2V\WPFClient\VMS_WPFClient.exe
======================================================
05-07-2025 07:25:14
======================================================
MQTTnetMQTTnet.Exceptions.MqttCommunicationException: Error while connecting host 'Unspecified/10.252.0.8:0'. ---> System.Net.Sockets.SocketException: The requested address is not valid in its context
   at System.Net.Sockets.Socket.DoMultipleAddressConnectCallback(Object result, MultipleAddressConnectAsyncResult context)
   at System.Net.Sockets.Socket.InternalBeginConnectHostName(String host, Int32 port, AsyncCallback requestCallback, Object state)
   at System.Net.Sockets.Socket.BeginConnect(String host, Int32 port, AsyncCallback requestCallback, Object state)
   at System.Threading.Tasks.TaskFactory`1.FromAsyncImpl[TArg1,TArg2](Func`5 beginMethod, Func`2 endFunction, Action`1 endAction, TArg1 arg1, TArg2 arg2, Object state, TaskCreationOptions creationOptions)
   at MQTTnet.Implementations.CrossPlatformSocket.<ConnectAsync>d__48.MoveNext()
   --- End of inner exception stack trace ---
   at MQTTnet.Implementations.CrossPlatformSocket.<ConnectAsync>d__48.MoveNext()
--- End of stack trace from previous location where exception was thrown ---
   at System.Runtime.ExceptionServices.ExceptionDispatchInfo.Throw()
   at System.Runtime.CompilerServices.TaskAwaiter.HandleNonSuccessAndDebuggerNotification(Task task)
   at MQTTnet.Implementations.MqttTcpChannel.<ConnectAsync>d__17.MoveNext()
--- End of stack trace from previous location where exception was thrown ---
   at System.Runtime.ExceptionServices.ExceptionDispatchInfo.Throw()
   at System.Runtime.CompilerServices.TaskAwaiter.HandleNonSuccessAndDebuggerNotification(Task task)
   at MQTTnet.Adapter.MqttChannelAdapter.<>c__DisplayClass30_0.<<ConnectAsync>b__1>d.MoveNext()
--- End of stack trace from previous location where exception was thrown ---
   at System.Runtime.ExceptionServices.ExceptionDispatchInfo.Throw()
   at System.Runtime.CompilerServices.TaskAwaiter.HandleNonSuccessAndDebuggerNotification(Task task)
   at MQTTnet.Adapter.MqttChannelAdapter.<ConnectAsync>d__30.MoveNext()
--- End of stack trace from previous location where exception was thrown ---
   at System.Runtime.ExceptionServices.ExceptionDispatchInfo.Throw()
   at System.Runtime.CompilerServices.TaskAwaiter.HandleNonSuccessAndDebuggerNotification(Task task)
   at MQTTnet.Client.MqttClient.<ConnectInternal>d__54.MoveNext()
--- End of stack trace from previous location where exception was thrown ---
   at System.Runtime.ExceptionServices.ExceptionDispatchInfo.Throw()
   at System.Runtime.CompilerServices.TaskAwaiter.HandleNonSuccessAndDebuggerNotification(Task task)
   at MQTTnet.Client.MqttClient.<ConnectAsync>d__42.MoveNext()
--- End of stack trace from previous location where exception was thrown ---
   at System.Runtime.ExceptionServices.ExceptionDispatchInfo.Throw()
   at MQTTnet.Client.MqttClient.<ConnectAsync>d__42.MoveNext()
--- End of stack trace from previous location where exception was thrown ---
   at System.Runtime.ExceptionServices.ExceptionDispatchInfo.Throw()
   at System.Runtime.CompilerServices.TaskAwaiter.HandleNonSuccessAndDebuggerNotification(Task task)
   at VMS_mqtt.MqttHandler.<Connect>d__9.MoveNext()
======================================================
05-07-2025 10:38:40
======================================================
C:\Program Files (x86)\I2V\WPFClient\VMS_WPFClient.exe
======================================================
05-07-2025 10:38:40
======================================================
C:\Program Files (x86)\I2V\WPFClient\VMS_WPFClient.exe
======================================================
05-07-2025 10:38:56
======================================================
MQTTnetMQTTnet.Exceptions.MqttCommunicationException: Error while connecting host 'Unspecified/10.252.0.8:0'. ---> System.Net.Sockets.SocketException: The requested address is not valid in its context
   at System.Net.Sockets.Socket.DoMultipleAddressConnectCallback(Object result, MultipleAddressConnectAsyncResult context)
   at System.Net.Sockets.Socket.InternalBeginConnectHostName(String host, Int32 port, AsyncCallback requestCallback, Object state)
   at System.Net.Sockets.Socket.BeginConnect(String host, Int32 port, AsyncCallback requestCallback, Object state)
   at System.Threading.Tasks.TaskFactory`1.FromAsyncImpl[TArg1,TArg2](Func`5 beginMethod, Func`2 endFunction, Action`1 endAction, TArg1 arg1, TArg2 arg2, Object state, TaskCreationOptions creationOptions)
   at MQTTnet.Implementations.CrossPlatformSocket.<ConnectAsync>d__48.MoveNext()
   --- End of inner exception stack trace ---
   at MQTTnet.Implementations.CrossPlatformSocket.<ConnectAsync>d__48.MoveNext()
--- End of stack trace from previous location where exception was thrown ---
   at System.Runtime.ExceptionServices.ExceptionDispatchInfo.Throw()
   at System.Runtime.CompilerServices.TaskAwaiter.HandleNonSuccessAndDebuggerNotification(Task task)
   at MQTTnet.Implementations.MqttTcpChannel.<ConnectAsync>d__17.MoveNext()
--- End of stack trace from previous location where exception was thrown ---
   at System.Runtime.ExceptionServices.ExceptionDispatchInfo.Throw()
   at System.Runtime.CompilerServices.TaskAwaiter.HandleNonSuccessAndDebuggerNotification(Task task)
   at MQTTnet.Adapter.MqttChannelAdapter.<>c__DisplayClass30_0.<<ConnectAsync>b__1>d.MoveNext()
--- End of stack trace from previous location where exception was thrown ---
   at System.Runtime.ExceptionServices.ExceptionDispatchInfo.Throw()
   at System.Runtime.CompilerServices.TaskAwaiter.HandleNonSuccessAndDebuggerNotification(Task task)
   at MQTTnet.Adapter.MqttChannelAdapter.<ConnectAsync>d__30.MoveNext()
--- End of stack trace from previous location where exception was thrown ---
   at System.Runtime.ExceptionServices.ExceptionDispatchInfo.Throw()
   at System.Runtime.CompilerServices.TaskAwaiter.HandleNonSuccessAndDebuggerNotification(Task task)
   at MQTTnet.Client.MqttClient.<ConnectInternal>d__54.MoveNext()
--- End of stack trace from previous location where exception was thrown ---
   at System.Runtime.ExceptionServices.ExceptionDispatchInfo.Throw()
   at System.Runtime.CompilerServices.TaskAwaiter.HandleNonSuccessAndDebuggerNotification(Task task)
   at MQTTnet.Client.MqttClient.<ConnectAsync>d__42.MoveNext()
--- End of stack trace from previous location where exception was thrown ---
   at System.Runtime.ExceptionServices.ExceptionDispatchInfo.Throw()
   at MQTTnet.Client.MqttClient.<ConnectAsync>d__42.MoveNext()
--- End of stack trace from previous location where exception was thrown ---
   at System.Runtime.ExceptionServices.ExceptionDispatchInfo.Throw()
   at System.Runtime.CompilerServices.TaskAwaiter.HandleNonSuccessAndDebuggerNotification(Task task)
   at VMS_mqtt.MqttHandler.<Connect>d__9.MoveNext()
======================================================
05-07-2025 11:24:13
======================================================
C:\Program Files (x86)\I2V\WPFClient\VMS_WPFClient.exe
======================================================
05-07-2025 11:24:13
======================================================
C:\Program Files (x86)\I2V\WPFClient\VMS_WPFClient.exe
======================================================
05-07-2025 11:24:15
======================================================
mscorlibSystem.IO.IOException: The process cannot access the file 'C:\Program Files (x86)\I2V\WPFClient\VMS_PlayBack.xml' because it is being used by another process.
   at System.IO.__Error.WinIOError(Int32 errorCode, String maybeFullPath)
   at System.IO.FileStream.Init(String path, FileMode mode, FileAccess access, Int32 rights, Boolean useRights, FileShare share, Int32 bufferSize, FileOptions options, SECURITY_ATTRIBUTES secAttrs, String msgPath, Boolean bFromProxy, Boolean useLongPath, Boolean checkHost)
   at System.IO.FileStream..ctor(String path, FileMode mode, FileAccess access, FileShare share, Int32 bufferSize, FileOptions options, String msgPath, Boolean bFromProxy)
   at System.IO.FileStream..ctor(String path, FileMode mode, FileAccess access, FileShare share, Int32 bufferSize, Boolean useAsync)
   at System.Xml.XmlWriterSettings.CreateWriter(String outputFileName)
   at VMS_Util.XML_IO.writeXMLInfo(String xmlURL, String xsdURL, String elementName, String innerText)
======================================================
05-07-2025 11:24:20
======================================================
MQTTnetMQTTnet.Exceptions.MqttCommunicationException: Error while connecting host 'Unspecified/10.252.0.8:0'. ---> System.Net.Sockets.SocketException: The requested address is not valid in its context
   at System.Net.Sockets.Socket.DoMultipleAddressConnectCallback(Object result, MultipleAddressConnectAsyncResult context)
   at System.Net.Sockets.Socket.InternalBeginConnectHostName(String host, Int32 port, AsyncCallback requestCallback, Object state)
   at System.Net.Sockets.Socket.BeginConnect(String host, Int32 port, AsyncCallback requestCallback, Object state)
   at System.Threading.Tasks.TaskFactory`1.FromAsyncImpl[TArg1,TArg2](Func`5 beginMethod, Func`2 endFunction, Action`1 endAction, TArg1 arg1, TArg2 arg2, Object state, TaskCreationOptions creationOptions)
   at MQTTnet.Implementations.CrossPlatformSocket.<ConnectAsync>d__48.MoveNext()
   --- End of inner exception stack trace ---
   at MQTTnet.Implementations.CrossPlatformSocket.<ConnectAsync>d__48.MoveNext()
--- End of stack trace from previous location where exception was thrown ---
   at System.Runtime.ExceptionServices.ExceptionDispatchInfo.Throw()
   at System.Runtime.CompilerServices.TaskAwaiter.HandleNonSuccessAndDebuggerNotification(Task task)
   at MQTTnet.Implementations.MqttTcpChannel.<ConnectAsync>d__17.MoveNext()
--- End of stack trace from previous location where exception was thrown ---
   at System.Runtime.ExceptionServices.ExceptionDispatchInfo.Throw()
   at System.Runtime.CompilerServices.TaskAwaiter.HandleNonSuccessAndDebuggerNotification(Task task)
   at MQTTnet.Adapter.MqttChannelAdapter.<>c__DisplayClass30_0.<<ConnectAsync>b__1>d.MoveNext()
--- End of stack trace from previous location where exception was thrown ---
   at System.Runtime.ExceptionServices.ExceptionDispatchInfo.Throw()
   at System.Runtime.CompilerServices.TaskAwaiter.HandleNonSuccessAndDebuggerNotification(Task task)
   at MQTTnet.Adapter.MqttChannelAdapter.<ConnectAsync>d__30.MoveNext()
--- End of stack trace from previous location where exception was thrown ---
   at System.Runtime.ExceptionServices.ExceptionDispatchInfo.Throw()
   at System.Runtime.CompilerServices.TaskAwaiter.HandleNonSuccessAndDebuggerNotification(Task task)
   at MQTTnet.Client.MqttClient.<ConnectInternal>d__54.MoveNext()
--- End of stack trace from previous location where exception was thrown ---
   at System.Runtime.ExceptionServices.ExceptionDispatchInfo.Throw()
   at System.Runtime.CompilerServices.TaskAwaiter.HandleNonSuccessAndDebuggerNotification(Task task)
   at MQTTnet.Client.MqttClient.<ConnectAsync>d__42.MoveNext()
--- End of stack trace from previous location where exception was thrown ---
   at System.Runtime.ExceptionServices.ExceptionDispatchInfo.Throw()
   at MQTTnet.Client.MqttClient.<ConnectAsync>d__42.MoveNext()
--- End of stack trace from previous location where exception was thrown ---
   at System.Runtime.ExceptionServices.ExceptionDispatchInfo.Throw()
   at System.Runtime.CompilerServices.TaskAwaiter.HandleNonSuccessAndDebuggerNotification(Task task)
   at VMS_mqtt.MqttHandler.<Connect>d__9.MoveNext()
======================================================
05-07-2025 11:34:44
======================================================
C:\Program Files (x86)\I2V\WPFClient\VMS_WPFClient.exe
======================================================
05-07-2025 11:35:13
======================================================
MQTTnetMQTTnet.Exceptions.MqttCommunicationException: Error while connecting host 'Unspecified/10.252.0.8:0'. ---> System.Net.Sockets.SocketException: The requested address is not valid in its context
   at System.Net.Sockets.Socket.DoMultipleAddressConnectCallback(Object result, MultipleAddressConnectAsyncResult context)
   at System.Net.Sockets.Socket.InternalBeginConnectHostName(String host, Int32 port, AsyncCallback requestCallback, Object state)
   at System.Net.Sockets.Socket.BeginConnect(String host, Int32 port, AsyncCallback requestCallback, Object state)
   at System.Threading.Tasks.TaskFactory`1.FromAsyncImpl[TArg1,TArg2](Func`5 beginMethod, Func`2 endFunction, Action`1 endAction, TArg1 arg1, TArg2 arg2, Object state, TaskCreationOptions creationOptions)
   at MQTTnet.Implementations.CrossPlatformSocket.<ConnectAsync>d__48.MoveNext()
   --- End of inner exception stack trace ---
   at MQTTnet.Implementations.CrossPlatformSocket.<ConnectAsync>d__48.MoveNext()
--- End of stack trace from previous location where exception was thrown ---
   at System.Runtime.ExceptionServices.ExceptionDispatchInfo.Throw()
   at System.Runtime.CompilerServices.TaskAwaiter.HandleNonSuccessAndDebuggerNotification(Task task)
   at MQTTnet.Implementations.MqttTcpChannel.<ConnectAsync>d__17.MoveNext()
--- End of stack trace from previous location where exception was thrown ---
   at System.Runtime.ExceptionServices.ExceptionDispatchInfo.Throw()
   at System.Runtime.CompilerServices.TaskAwaiter.HandleNonSuccessAndDebuggerNotification(Task task)
   at MQTTnet.Adapter.MqttChannelAdapter.<>c__DisplayClass30_0.<<ConnectAsync>b__1>d.MoveNext()
--- End of stack trace from previous location where exception was thrown ---
   at System.Runtime.ExceptionServices.ExceptionDispatchInfo.Throw()
   at System.Runtime.CompilerServices.TaskAwaiter.HandleNonSuccessAndDebuggerNotification(Task task)
   at MQTTnet.Adapter.MqttChannelAdapter.<ConnectAsync>d__30.MoveNext()
--- End of stack trace from previous location where exception was thrown ---
   at System.Runtime.ExceptionServices.ExceptionDispatchInfo.Throw()
   at System.Runtime.CompilerServices.TaskAwaiter.HandleNonSuccessAndDebuggerNotification(Task task)
   at MQTTnet.Client.MqttClient.<ConnectInternal>d__54.MoveNext()
--- End of stack trace from previous location where exception was thrown ---
   at System.Runtime.ExceptionServices.ExceptionDispatchInfo.Throw()
   at System.Runtime.CompilerServices.TaskAwaiter.HandleNonSuccessAndDebuggerNotification(Task task)
   at MQTTnet.Client.MqttClient.<ConnectAsync>d__42.MoveNext()
--- End of stack trace from previous location where exception was thrown ---
   at System.Runtime.ExceptionServices.ExceptionDispatchInfo.Throw()
   at MQTTnet.Client.MqttClient.<ConnectAsync>d__42.MoveNext()
--- End of stack trace from previous location where exception was thrown ---
   at System.Runtime.ExceptionServices.ExceptionDispatchInfo.Throw()
   at System.Runtime.CompilerServices.TaskAwaiter.HandleNonSuccessAndDebuggerNotification(Task task)
   at VMS_mqtt.MqttHandler.<Connect>d__9.MoveNext()
======================================================
05-07-2025 12:25:04
======================================================
System.Runtime.InteropServices.COMException (0x88980406): UCEERR_RENDERTHREADFAILURE (Exception from HRESULT: 0x88980406)
   at System.Windows.Media.Composition.DUCE.Channel.SyncFlush()
   at System.Windows.Interop.HwndTarget.UpdateWindowSettings(Boolean enableRenderTarget, Nullable`1 channelSet)
   at System.Windows.Interop.HwndTarget.UpdateWindowPos(IntPtr lParam)
   at System.Windows.Interop.HwndTarget.HandleMessage(WindowMessage msg, IntPtr wparam, IntPtr lparam)
   at System.Windows.Interop.HwndSource.HwndTargetFilterMessage(IntPtr hwnd, Int32 msg, IntPtr wParam, IntPtr lParam, Boolean& handled)
   at MS.Win32.HwndWrapper.WndProc(IntPtr hwnd, Int32 msg, IntPtr wParam, IntPtr lParam, Boolean& handled)
   at MS.Win32.HwndSubclass.DispatcherCallbackOperation(Object o)
   at System.Windows.Threading.ExceptionWrapper.InternalRealCall(Delegate callback, Object args, Int32 numArgs)
   at System.Windows.Threading.ExceptionWrapper.TryCatchWhen(Object source, Delegate callback, Object args, Int32 numArgs, Delegate catchHandler)
======================================================
05-07-2025 12:25:04
======================================================
System.Runtime.InteropServices.COMException (0x88980406): UCEERR_RENDERTHREADFAILURE (Exception from HRESULT: 0x88980406)
   at System.Windows.Media.Composition.DUCE.Channel.SyncFlush()
   at System.Windows.Interop.HwndTarget.UpdateWindowSettings(Boolean enableRenderTarget, Nullable`1 channelSet)
   at System.Windows.Interop.HwndTarget.UpdateWindowPos(IntPtr lParam)
   at System.Windows.Interop.HwndTarget.HandleMessage(WindowMessage msg, IntPtr wparam, IntPtr lparam)
   at System.Windows.Interop.HwndSource.HwndTargetFilterMessage(IntPtr hwnd, Int32 msg, IntPtr wParam, IntPtr lParam, Boolean& handled)
   at MS.Win32.HwndWrapper.WndProc(IntPtr hwnd, Int32 msg, IntPtr wParam, IntPtr lParam, Boolean& handled)
   at MS.Win32.HwndSubclass.DispatcherCallbackOperation(Object o)
   at System.Windows.Threading.ExceptionWrapper.InternalRealCall(Delegate callback, Object args, Int32 numArgs)
   at System.Windows.Threading.ExceptionWrapper.TryCatchWhen(Object source, Delegate callback, Object args, Int32 numArgs, Delegate catchHandler)
======================================================
05-07-2025 12:26:13
======================================================
C:\Program Files (x86)\I2V\WPFClient\VMS_WPFClient.exe
======================================================
05-07-2025 12:26:20
======================================================
MQTTnetMQTTnet.Exceptions.MqttCommunicationException: Error while connecting host 'Unspecified/10.252.0.8:0'. ---> System.Net.Sockets.SocketException: The requested address is not valid in its context
   at System.Net.Sockets.Socket.DoMultipleAddressConnectCallback(Object result, MultipleAddressConnectAsyncResult context)
   at System.Net.Sockets.Socket.InternalBeginConnectHostName(String host, Int32 port, AsyncCallback requestCallback, Object state)
   at System.Net.Sockets.Socket.BeginConnect(String host, Int32 port, AsyncCallback requestCallback, Object state)
   at System.Threading.Tasks.TaskFactory`1.FromAsyncImpl[TArg1,TArg2](Func`5 beginMethod, Func`2 endFunction, Action`1 endAction, TArg1 arg1, TArg2 arg2, Object state, TaskCreationOptions creationOptions)
   at MQTTnet.Implementations.CrossPlatformSocket.<ConnectAsync>d__48.MoveNext()
   --- End of inner exception stack trace ---
   at MQTTnet.Implementations.CrossPlatformSocket.<ConnectAsync>d__48.MoveNext()
--- End of stack trace from previous location where exception was thrown ---
   at System.Runtime.ExceptionServices.ExceptionDispatchInfo.Throw()
   at System.Runtime.CompilerServices.TaskAwaiter.HandleNonSuccessAndDebuggerNotification(Task task)
   at MQTTnet.Implementations.MqttTcpChannel.<ConnectAsync>d__17.MoveNext()
--- End of stack trace from previous location where exception was thrown ---
   at System.Runtime.ExceptionServices.ExceptionDispatchInfo.Throw()
   at System.Runtime.CompilerServices.TaskAwaiter.HandleNonSuccessAndDebuggerNotification(Task task)
   at MQTTnet.Adapter.MqttChannelAdapter.<>c__DisplayClass30_0.<<ConnectAsync>b__1>d.MoveNext()
--- End of stack trace from previous location where exception was thrown ---
   at System.Runtime.ExceptionServices.ExceptionDispatchInfo.Throw()
   at System.Runtime.CompilerServices.TaskAwaiter.HandleNonSuccessAndDebuggerNotification(Task task)
   at MQTTnet.Adapter.MqttChannelAdapter.<ConnectAsync>d__30.MoveNext()
--- End of stack trace from previous location where exception was thrown ---
   at System.Runtime.ExceptionServices.ExceptionDispatchInfo.Throw()
   at System.Runtime.CompilerServices.TaskAwaiter.HandleNonSuccessAndDebuggerNotification(Task task)
   at MQTTnet.Client.MqttClient.<ConnectInternal>d__54.MoveNext()
--- End of stack trace from previous location where exception was thrown ---
   at System.Runtime.ExceptionServices.ExceptionDispatchInfo.Throw()
   at System.Runtime.CompilerServices.TaskAwaiter.HandleNonSuccessAndDebuggerNotification(Task task)
   at MQTTnet.Client.MqttClient.<ConnectAsync>d__42.MoveNext()
--- End of stack trace from previous location where exception was thrown ---
   at System.Runtime.ExceptionServices.ExceptionDispatchInfo.Throw()
   at MQTTnet.Client.MqttClient.<ConnectAsync>d__42.MoveNext()
--- End of stack trace from previous location where exception was thrown ---
   at System.Runtime.ExceptionServices.ExceptionDispatchInfo.Throw()
   at System.Runtime.CompilerServices.TaskAwaiter.HandleNonSuccessAndDebuggerNotification(Task task)
   at VMS_mqtt.MqttHandler.<Connect>d__9.MoveNext()